#
# There is insufficient memory for the Java Runtime Environment to continue.
# Native memory allocation (malloc) failed to allocate 1048576 bytes for AllocateHeap
# Possible reasons:
#   The system is out of physical RAM or swap space
#   In 32 bit mode, the process size limit was hit
# Possible solutions:
#   Reduce memory load on the system
#   Increase physical memory or swap space
#   Check if swap backing store is full
#   Use 64 bit Java on a 64 bit OS
#   Decrease Java heap size (-Xmx/-Xms)
#   Decrease number of Java threads
#   Decrease Java thread stack sizes (-Xss)
#   Set larger code cache with -XX:ReservedCodeCacheSize=
# This output file may be truncated or incomplete.
#
#  Out of Memory Error (memory/allocation.inline.hpp:62), pid=1852, tid=7256
#
# JRE version:  (8.0_25-b18) (build )
# Java VM: Java HotSpot(TM) 64-Bit Server VM (25.25-b02 mixed mode windows-amd64 compressed oops)
# Failed to write core dump. Minidumps are not enabled by default on client versions of Windows
#

---------------  T H R E A D  ---------------

Current thread (0x0000000002d3d800):  JavaThread "Unknown thread" [_thread_in_vm, id=7256, stack(0x0000000002d50000,0x0000000002e50000)]

Stack: [0x0000000002d50000,0x0000000002e50000]
Native frames: (J=compiled Java code, j=interpreted, Vv=VM code, C=native code)
V  [jvm.dll+0x31667a]
V  [jvm.dll+0x267073]
V  [jvm.dll+0x267cb3]
V  [jvm.dll+0x25f5b5]
V  [jvm.dll+0x3aa31f]
V  [jvm.dll+0x3d5f12]
V  [jvm.dll+0x3d635c]
V  [jvm.dll+0x3d1967]
V  [jvm.dll+0xe53f2]
V  [jvm.dll+0x1f9b19]
V  [jvm.dll+0x22b2e4]
V  [jvm.dll+0x14d571]
C  [java.exe+0x20b6]
C  [java.exe+0xc9bb]
C  [java.exe+0xca4f]
C  [KERNEL32.DLL+0x12d92]
C  [ntdll.dll+0x9f64]


---------------  P R O C E S S  ---------------

Java Threads: ( => current thread )

Other Threads:

=>0x0000000002d3d800 (exited) JavaThread "Unknown thread" [_thread_in_vm, id=7256, stack(0x0000000002d50000,0x0000000002e50000)]

VM state:not at safepoint (normal execution)

VM Mutex/Monitor currently owned by a thread: None

Heap:
 PSYoungGen      total 38400K, used 665K [0x00000000eab00000, 0x00000000ed580000, 0x0000000100000000)
  eden space 33280K, 2% used [0x00000000eab00000,0x00000000eaba6670,0x00000000ecb80000)
  from space 5120K, 0% used [0x00000000ed080000,0x00000000ed080000,0x00000000ed580000)
  to   space 5120K, 0% used [0x00000000ecb80000,0x00000000ecb80000,0x00000000ed080000)
 ParOldGen       total 87552K, used 0K [0x00000000c0000000, 0x00000000c5580000, 0x00000000eab00000)
  object space 87552K, 0% used [0x00000000c0000000,0x00000000c0000000,0x00000000c5580000)
 Metaspace       used 674K, capacity 4480K, committed 4480K, reserved 1056768K
  class space    used 66K, capacity 384K, committed 384K, reserved 1048576K

Card table byte_map: [0x0000000012310000,0x0000000012520000] byte_map_base: 0x0000000011d10000

Marking Bits: (ParMarkBitMap*) 0x000000006b0fd490
 Begin Bits: [0x0000000012a80000, 0x0000000013a80000)
 End Bits:   [0x0000000013a80000, 0x0000000014a80000)

Polling page: 0x0000000001540000

CodeCache: size=245760Kb used=327Kb max_used=327Kb free=245432Kb
 bounds [0x0000000002f50000, 0x00000000031c0000, 0x0000000011f50000]
 total_blobs=56 nmethods=0 adapters=37
 compilation: enabled

Compilation events (0 events):
No events

GC Heap History (0 events):
No events

Deoptimization events (0 events):
No events

Internal exceptions (0 events):
No events

Events (10 events):
Event: 0.014 loading class java/lang/Short
Event: 0.014 loading class java/lang/Short done
Event: 0.015 loading class java/lang/Integer
Event: 0.015 loading class java/lang/Integer done
Event: 0.015 loading class java/lang/Long
Event: 0.015 loading class java/lang/Long done
Event: 0.015 loading class java/lang/NullPointerException
Event: 0.015 loading class java/lang/NullPointerException done
Event: 0.015 loading class java/lang/ArithmeticException
Event: 0.015 loading class java/lang/ArithmeticException done


Dynamic libraries:
0x00007ff7bb530000 - 0x00007ff7bb564000 	C:\Program Files\Java\jdk1.8.0_25\bin\java.exe
0x00007ffd482b0000 - 0x00007ffd48471000 	C:\WINDOWS\SYSTEM32\ntdll.dll
0x00007ffd47e70000 - 0x00007ffd47f1d000 	C:\WINDOWS\system32\KERNEL32.DLL
0x00007ffd45690000 - 0x00007ffd4586d000 	C:\WINDOWS\system32\KERNELBASE.dll
0x00007ffd46230000 - 0x00007ffd462d6000 	C:\WINDOWS\system32\ADVAPI32.dll
0x00007ffd468a0000 - 0x00007ffd4693d000 	C:\WINDOWS\system32\msvcrt.dll
0x00007ffd463c0000 - 0x00007ffd4641b000 	C:\WINDOWS\system32\sechost.dll
0x00007ffd45d90000 - 0x00007ffd45eb6000 	C:\WINDOWS\system32\RPCRT4.dll
0x00007ffd45ec0000 - 0x00007ffd4600e000 	C:\WINDOWS\system32\USER32.dll
0x00007ffd47f20000 - 0x00007ffd480a6000 	C:\WINDOWS\system32\GDI32.dll
0x00007ffd3f880000 - 0x00007ffd3faf4000 	C:\WINDOWS\WinSxS\amd64_microsoft.windows.common-controls_6595b64144ccf1df_6.0.10240.16384_none_f41f7b285750ef43\COMCTL32.dll
0x00007ffd46420000 - 0x00007ffd46456000 	C:\WINDOWS\system32\IMM32.DLL
0x00007ffd460d0000 - 0x00007ffd4622c000 	C:\WINDOWS\system32\MSCTF.dll
0x000000006b790000 - 0x000000006b862000 	C:\Program Files\Java\jdk1.8.0_25\jre\bin\msvcr100.dll
0x000000006a920000 - 0x000000006b17a000 	C:\Program Files\Java\jdk1.8.0_25\jre\bin\server\jvm.dll
0x00007ffd45aa0000 - 0x00007ffd45aa8000 	C:\WINDOWS\system32\PSAPI.DLL
0x00007ffd33760000 - 0x00007ffd33769000 	C:\WINDOWS\SYSTEM32\WSOCK32.dll
0x00007ffd42f90000 - 0x00007ffd42fb3000 	C:\WINDOWS\SYSTEM32\WINMM.dll
0x00007ffd45b10000 - 0x00007ffd45b79000 	C:\WINDOWS\system32\WS2_32.dll
0x00007ffd480d0000 - 0x00007ffd480d8000 	C:\WINDOWS\system32\NSI.dll
0x00007ffd42f30000 - 0x00007ffd42f5c000 	C:\WINDOWS\SYSTEM32\WINMMBASE.dll
0x00007ffd45930000 - 0x00007ffd45974000 	C:\WINDOWS\system32\cfgmgr32.dll
0x00007ffd435b0000 - 0x00007ffd435d7000 	C:\WINDOWS\SYSTEM32\DEVOBJ.dll
0x000000006c870000 - 0x000000006c87f000 	C:\Program Files\Java\jdk1.8.0_25\jre\bin\verify.dll
0x000000006b760000 - 0x000000006b788000 	C:\Program Files\Java\jdk1.8.0_25\jre\bin\java.dll
0x000000006b740000 - 0x000000006b756000 	C:\Program Files\Java\jdk1.8.0_25\jre\bin\zip.dll
0x00007ffd23920000 - 0x00007ffd23aaa000 	C:\WINDOWS\SYSTEM32\dbghelp.dll

VM Arguments:
jvm_args: -Xmx1024M -Dfile.encoding=windows-1252 -Duser.country=US -Duser.language=en -Duser.variant 
java_command: com.android.dx.command.Main --dex --num-threads=4 --output C:\Users\Christian\AndroidStudioProjects\Acadia_Mapping\app\build\intermediates\dex\debug C:\Users\Christian\AndroidStudioProjects\Acadia_Mapping\app\build\intermediates\classes\debug C:\Users\Christian\AndroidStudioProjects\Acadia_Mapping\app\build\intermediates\pre-dexed\debug\support-annotations-23.0.1-525a19751ee6162e5ee141bdbb3aba6dc3051989.jar C:\Users\Christian\AndroidStudioProjects\Acadia_Mapping\app\build\intermediates\pre-dexed\debug\internal_impl-23.0.1-5fde55bd0afddf286268b1545a46c717828a8f76.jar C:\Users\Christian\AndroidStudioProjects\Acadia_Mapping\app\build\intermediates\pre-dexed\debug\classes-d280b6266d1791d4c4adca6051713329782bb06c.jar C:\Users\Christian\AndroidStudioProjects\Acadia_Mapping\app\build\intermediates\pre-dexed\debug\classes-5218536fd40751d42c2648229ecdf1924b541427.jar
java_class_path (initial): D:\Applications\AndroidSDK\build-tools\23.0.1\lib\dx.jar
Launcher Type: SUN_STANDARD

Environment Variables:
PATH=C:\ProgramData\Oracle\Java\javapath;C:\Windows\system32;C:\Windows;C:\Windows\System32\Wbem;C:\Windows\System32\WindowsPowerShell\v1.0\;C:\Program Files\Intel\WiFi\bin\;C:\Program Files\Common Files\Intel\WirelessCommon\;C:\Program Files (x86)\NVIDIA Corporation\PhysX\Common;C:\WINDOWS\system32;C:\WINDOWS;C:\WINDOWS\System32\Wbem;C:\WINDOWS\System32\WindowsPowerShell\v1.0\;C:\Program Files (x86)\Skype\Phone\;C:\Program Files (x86)\NVIDIA Corporation\PhysX\Common;C:\ProgramData\Oracle\Java\javapath;C:\Windows\system32;C:\Windows;C:\Windows\System32\Wbem;C:\Windows\System32\WindowsPowerShell\v1.0\;C:\Users\Christian\Documents\Python27\Scripts;C:\texlive\2014\bin\win32;C:\Program Files\Intel\WiFi\bin\;C:\Program Files\Common Files\Intel\WirelessCommon\
USERNAME=Christian
OS=Windows_NT
PROCESSOR_IDENTIFIER=Intel64 Family 6 Model 60 Stepping 3, GenuineIntel



---------------  S Y S T E M  ---------------

OS: Windows 8.1 , 64 bit Build 9600 

CPU:total 4 (4 cores per cpu, 1 threads per core) family 6 model 60 stepping 3, cmov, cx8, fxsr, mmx, sse, sse2, sse3, ssse3, sse4.1, sse4.2, popcnt, avx, avx2, aes, clmul, erms, lzcnt, tsc, tscinvbit, bmi1, bmi2

Memory: 4k page, physical 8286360k(1624136k free), swap 9334936k(4316k free)

vm_info: Java HotSpot(TM) 64-Bit Server VM (25.25-b02) for windows-amd64 JRE (1.8.0_25-b18), built on Oct  7 2014 14:25:37 by "java_re" with MS VC++ 10.0 (VS2010)

time: Thu Oct 01 00:27:18 2015
elapsed time: 0 seconds (0d 0h 0m 0s)

